<?xml version="1.0" encoding="UTF-8"?>
<!-- Generated by org.testng.reporters.JUnitReportReporter -->
<testsuite hostname="DESKTOP-172HLSO" failures="0" tests="1" name="tests.ErrorValidation" time="5.721" errors="0" timestamp="2022-09-18T10:27:58 IST" skipped="0">
  <testcase classname="tests.ErrorValidation" name="addtoCart" time="5.721"/>
  <system-out/>
</testsuite> <!-- tests.ErrorValidation -->
