<?xml version="1.0" encoding="UTF-8"?>
<!-- Generated by org.testng.reporters.JUnitReportReporter -->
<testsuite hostname="DESKTOP-172HLSO" failures="0" tests="3" name="tests.SubmitOrderTest" time="33.775" errors="0" timestamp="2022-10-06T08:08:06 IST" skipped="0">
  <testcase classname="tests.SubmitOrderTest" name="submitOrder" time="15.817"/>
  <system-out/>
  <testcase classname="tests.SubmitOrderTest" name="OrderHistoryTest" time="4.982"/>
  <system-out/>
  <testcase classname="tests.SubmitOrderTest" name="submitOrder" time="12.976"/>
  <system-out/>
</testsuite> <!-- tests.SubmitOrderTest -->
