<?xml version="1.0" encoding="UTF-8"?>
<!-- Generated by org.testng.reporters.JUnitReportReporter -->
<testsuite hostname="DESKTOP-172HLSO" failures="0" tests="3" name="tests.SubmitOrderTest" time="34.282" errors="0" timestamp="2022-10-06T08:05:29 IST" skipped="0">
  <testcase classname="tests.SubmitOrderTest" name="submitOrder" time="12.503"/>
  <system-out/>
  <testcase classname="tests.SubmitOrderTest" name="submitOrder" time="13.541"/>
  <system-out/>
  <testcase classname="tests.SubmitOrderTest" name="OrderHistoryTest" time="8.238"/>
  <system-out/>
</testsuite> <!-- tests.SubmitOrderTest -->
