<?xml version="1.0" encoding="UTF-8"?>
<!-- Generated by org.testng.reporters.JUnitReportReporter -->
<testsuite hostname="DESKTOP-172HLSO" failures="0" tests="2" name="tests.LoginErrorValidationTest" time="21.410" errors="0" timestamp="2022-10-06T08:05:29 IST" skipped="0">
  <testcase classname="tests.LoginErrorValidationTest" name="productPageValidation" time="11.970"/>
  <system-out/>
  <testcase classname="tests.LoginErrorValidationTest" name="addToCart" time="9.440"/>
  <system-out/>
</testsuite> <!-- tests.LoginErrorValidationTest -->
